<?xml version="1.0" encoding="windows-1251" standalone="no"?>
<!DOCTYPE log SYSTEM "logger.dtd">
<log>
<record>
  <date>2018-10-27T20:43:03</date>
  <millis>1540687383829</millis>
  <sequence>0</sequence>
  <logger>HandlerExample</logger>
  <level>CONFIG</level>
  <class>HandlerExample</class>
  <method>main</method>
  <thread>1</thread>
  <message>Configuration done.</message>
</record>
<record>
  <date>2018-10-27T20:43:03</date>
  <millis>1540687383887</millis>
  <sequence>1</sequence>
  <logger>HandlerExample</logger>
  <level>FINE</level>
  <class>HandlerExample</class>
  <method>main</method>
  <thread>1</thread>
  <message>Finer logged</message>
</record>
<record>
  <date>2018-10-27T20:43:03</date>
  <millis>1540687383887</millis>
  <sequence>2</sequence>
  <logger>HandlerExample</logger>
  <level>FINER</level>
  <class>HandlerExample</class>
  <method>main</method>
  <thread>1</thread>
  <message>Finest example on LOGGER handler completed.</message>
</record>
</log>
